<?xml version="1.0" encoding="UTF-8"?>
<!-- Generated by org.testng.reporters.JUnitReportReporter -->
<testsuite hostname="ZIL209" name="com.practice.qa.Runner" tests="1" failures="0" timestamp="6 Jul 2018 11:01:08 GMT" time="40.530" errors="0">
  <testcase name="feature" time="40.530" classname="com.practice.qa.Runner"/>
</testsuite>
