<?xml version="1.0" encoding="UTF-8"?>
<!-- Generated by org.testng.reporters.JUnitReportReporter -->
<testsuite hostname="ZIL209" name="com.practice.qa.NewTest" tests="4" failures="0" timestamp="7 Jun 2018 08:44:17 GMT" time="0.012" errors="0">
  <testcase name="f3" time="0.002" classname="com.practice.qa.NewTest"/>
  <testcase name="f3" time="0.002" classname="com.practice.qa.NewTest"/>
  <testcase name="f" time="0.007" classname="com.practice.qa.NewTest"/>
  <testcase name="f3" time="0.001" classname="com.practice.qa.NewTest"/>
</testsuite>
