<?xml version="1.0" encoding="UTF-8"?>
<!-- Generated by org.testng.reporters.JUnitReportReporter -->
<testsuite hostname="ZIL209" name="NewTest" tests="1" failures="0" timestamp="7 Jun 2018 07:01:28 GMT" time="0.021" errors="0">
  <testcase name="f" time="0.021" classname="NewTest"/>
</testsuite>
